AnagramGame/app/build/intermediates/manifest_merge_blame_file/debug/manifest-merger-blame-debug-report.txt
1<?xml version="1.0" encoding="utf-8"?>
2<manifest xmlns:android="http://schemas.android.com/apk/res/android"
3    package="tjm429.nau.edu.anagramgame"
4    android:versionCode="1"
5    android:versionName="1.0" >
6
7    <uses-sdk
8        android:minSdkVersion="28"
8-->src\main\AndroidManifest.xml
9        android:targetSdkVersion="28" />
9-->src\main\AndroidManifest.xml
10
11    <application
11-->src\main\AndroidManifest.xml:6:5-36:19
12        android:allowBackup="true"
12-->src\main\AndroidManifest.xml:7:9-35
13        android:appComponentFactory="android.support.v4.app.CoreComponentFactory"
13-->[com.android.support:support-compat:28.0.0] AndroidManifest.xml:22:18-91
14        android:debuggable="true"
15        android:icon="@mipmap/ic_launcher"
15-->src\main\AndroidManifest.xml:8:9-43
16        android:label="@string/app_name"
16-->src\main\AndroidManifest.xml:9:9-41
17        android:roundIcon="@mipmap/ic_launcher_round"
17-->src\main\AndroidManifest.xml:10:9-54
18        android:supportsRtl="true"
18-->src\main\AndroidManifest.xml:11:9-35
19        android:theme="@style/AppTheme" >
19-->src\main\AndroidManifest.xml:12:9-40
20        <activity android:name="tjm429.nau.edu.anagramgame.MainActivity" >
20-->src\main\AndroidManifest.xml:14:9-20:20
20-->src\main\AndroidManifest.xml:14:19-47
21            <intent-filter>
21-->src\main\AndroidManifest.xml:15:13-19:29
22                <action android:name="android.intent.action.MAIN" />
22-->src\main\AndroidManifest.xml:16:17-69
22-->src\main\AndroidManifest.xml:16:25-66
23
24                <category android:name="android.intent.category.LAUNCHER" />
24-->src\main\AndroidManifest.xml:18:17-77
24-->src\main\AndroidManifest.xml:18:27-74
25            </intent-filter>
26        </activity>
27        <activity android:name="tjm429.nau.edu.anagramgame.AboutActivity" />
27-->src\main\AndroidManifest.xml:21:9-51
27-->src\main\AndroidManifest.xml:21:19-48
28        <activity android:name="tjm429.nau.edu.anagramgame.GameActivity" />
28-->src\main\AndroidManifest.xml:22:9-50
28-->src\main\AndroidManifest.xml:22:19-47
29        <activity android:name="tjm429.nau.edu.anagramgame.ResultsActivity" />
29-->src\main\AndroidManifest.xml:23:9-53
29-->src\main\AndroidManifest.xml:23:19-50
30        <activity
30-->src\main\AndroidManifest.xml:24:9-26:61
31            android:name="tjm429.nau.edu.anagramgame.PopupActivity"
31-->src\main\AndroidManifest.xml:25:13-42
32            android:theme="@style/Theme.AppCompat.Dialog" />
32-->src\main\AndroidManifest.xml:26:13-58
33
34        <meta-data
34-->src\main\AndroidManifest.xml:28:9-30:57
35            android:name="preloaded_fonts"
35-->src\main\AndroidManifest.xml:29:13-43
36            android:resource="@array/preloaded_fonts" />
36-->src\main\AndroidManifest.xml:30:13-54
37
38        <activity android:name="tjm429.nau.edu.anagramgame.GameActivity2" />
38-->src\main\AndroidManifest.xml:32:9-51
38-->src\main\AndroidManifest.xml:32:19-48
39        <activity android:name="tjm429.nau.edu.anagramgame.GameActivity3" />
39-->src\main\AndroidManifest.xml:33:9-51
39-->src\main\AndroidManifest.xml:33:19-48
40        <activity android:name="tjm429.nau.edu.anagramgame.ResultsActivity2" />
40-->src\main\AndroidManifest.xml:34:9-54
40-->src\main\AndroidManifest.xml:34:19-51
41        <activity android:name="tjm429.nau.edu.anagramgame.ResultsActivity3" />
41-->src\main\AndroidManifest.xml:35:9-63
41-->src\main\AndroidManifest.xml:35:19-51
42    </application>
43
44</manifest>